app/build/intermediates/manifest_merge_blame_file/debug/manifest-merger-blame-debug-report.txt
1<?xml version="1.0" encoding="utf-8"?>
2<manifest xmlns:android="http://schemas.android.com/apk/res/android"
3    package="com.example.zest"
4    android:versionCode="1"
5    android:versionName="1.0" >
6
7    <uses-sdk
8        android:minSdkVersion="24"
8-->src\main\AndroidManifest.xml
9        android:targetSdkVersion="30" />
9-->src\main\AndroidManifest.xml
10
11    <uses-feature
11-->src\main\AndroidManifest.xml:4:5-5:35
12        android:name="android.hardware.camera"
12-->src\main\AndroidManifest.xml:4:19-57
13        android:required="true" />
13-->src\main\AndroidManifest.xml:5:9-32
14
15    <uses-permission android:name="android.permission.INTERNET" />
15-->src\main\AndroidManifest.xml:6:5-66
15-->src\main\AndroidManifest.xml:6:22-64
16
17    <application
17-->src\main\AndroidManifest.xml:8:5-57:19
18        android:name="com.example.zest.application.MyApp"
18-->src\main\AndroidManifest.xml:12:9-42
19        android:allowBackup="true"
19-->src\main\AndroidManifest.xml:11:9-35
20        android:appComponentFactory="androidx.core.app.CoreComponentFactory"
20-->[androidx.core:core:1.3.2] AndroidManifest.xml:24:18-86
21        android:debuggable="true"
22        android:extractNativeLibs="false"
23        android:icon="@mipmap/ic_launcher"
23-->src\main\AndroidManifest.xml:9:9-43
24        android:label="Zest"
24-->src\main\AndroidManifest.xml:10:9-29
25        android:roundIcon="@mipmap/ic_launcher_round"
25-->src\main\AndroidManifest.xml:14:9-54
26        android:supportsRtl="true"
26-->src\main\AndroidManifest.xml:15:9-35
27        android:testOnly="true"
28        android:theme="@style/Theme.Zest"
28-->src\main\AndroidManifest.xml:16:9-42
29        android:usesCleartextTraffic="true" >
29-->src\main\AndroidManifest.xml:13:9-44
30        <activity
30-->src\main\AndroidManifest.xml:17:9-25:20
31            android:name="com.example.zest.activities.StartActivity"
31-->src\main\AndroidManifest.xml:18:13-53
32            android:label="@string/app_name"
32-->src\main\AndroidManifest.xml:19:13-45
33            android:theme="@style/Theme.Zest.NoActionBar" >
33-->src\main\AndroidManifest.xml:20:13-58
34            <intent-filter>
34-->src\main\AndroidManifest.xml:21:13-24:29
35                <action android:name="android.intent.action.MAIN" />
35-->src\main\AndroidManifest.xml:22:17-69
35-->src\main\AndroidManifest.xml:22:25-66
36
37                <category android:name="android.intent.category.LAUNCHER" />
37-->src\main\AndroidManifest.xml:23:17-77
37-->src\main\AndroidManifest.xml:23:27-74
38            </intent-filter>
39        </activity>
40        <activity android:name="com.example.zest.activities.MainActivity" >
40-->src\main\AndroidManifest.xml:26:9-29:20
40-->src\main\AndroidManifest.xml:26:19-58
41            <meta-data
41-->src\main\AndroidManifest.xml:27:13-28:54
42                android:name="android.app.searchable"
42-->src\main\AndroidManifest.xml:27:24-61
43                android:resource="@xml/searchable" />
43-->src\main\AndroidManifest.xml:28:17-51
44        </activity>
45        <activity android:name="com.example.zest.activities.AddMealJourney" />
45-->src\main\AndroidManifest.xml:30:9-63
45-->src\main\AndroidManifest.xml:30:19-60
46        <activity android:name="com.example.zest.activities.MealDetail" />
46-->src\main\AndroidManifest.xml:31:9-59
46-->src\main\AndroidManifest.xml:31:19-56
47        <activity android:name="com.example.zest.activities.SearchIngredientActivity" >
47-->src\main\AndroidManifest.xml:32:9-38:21
47-->src\main\AndroidManifest.xml:32:19-70
48            <intent-filter>
48-->src\main\AndroidManifest.xml:33:13-35:29
49                <action android:name="android.intent.action.SEARCH" />
49-->src\main\AndroidManifest.xml:34:17-71
49-->src\main\AndroidManifest.xml:34:25-68
50            </intent-filter>
51
52            <meta-data
52-->src\main\AndroidManifest.xml:27:13-28:54
53                android:name="android.app.searchable"
53-->src\main\AndroidManifest.xml:27:24-61
54                android:resource="@xml/searchable" />
54-->src\main\AndroidManifest.xml:28:17-51
55        </activity>
56        <activity android:name="com.example.zest.activities.AddPlanJourney" />
56-->src\main\AndroidManifest.xml:39:9-63
56-->src\main\AndroidManifest.xml:39:19-60
57        <activity android:name="com.example.zest.activities.ServingSizeActivity" />
57-->src\main\AndroidManifest.xml:40:9-68
57-->src\main\AndroidManifest.xml:40:19-65
58        <activity android:name="com.example.zest.activities.PlanDetail" />
58-->src\main\AndroidManifest.xml:41:9-59
58-->src\main\AndroidManifest.xml:41:19-56
59        <activity android:name="com.example.zest.activities.AddIngredientJourney" />
59-->src\main\AndroidManifest.xml:42:9-69
59-->src\main\AndroidManifest.xml:42:19-66
60        <activity android:name="com.example.zest.activities.OnBoardingActivity" />
60-->src\main\AndroidManifest.xml:43:9-67
60-->src\main\AndroidManifest.xml:43:19-64
61
62        <meta-data
62-->src\main\AndroidManifest.xml:45:9-47:57
63            android:name="preloaded_fonts"
63-->src\main\AndroidManifest.xml:46:13-43
64            android:resource="@array/preloaded_fonts" />
64-->src\main\AndroidManifest.xml:47:13-54
65
66        <provider
67            android:name="androidx.core.content.FileProvider"
67-->src\main\AndroidManifest.xml:49:13-62
68            android:authorities="com.example.zest.provider"
68-->src\main\AndroidManifest.xml:50:13-60
69            android:exported="false"
69-->src\main\AndroidManifest.xml:51:13-37
70            android:grantUriPermissions="true" >
70-->src\main\AndroidManifest.xml:52:13-47
71            <meta-data
71-->src\main\AndroidManifest.xml:53:13-55:58
72                android:name="android.support.FILE_PROVIDER_PATHS"
72-->src\main\AndroidManifest.xml:54:17-67
73                android:resource="@xml/provider_paths" />
73-->src\main\AndroidManifest.xml:55:17-55
74        </provider>
75
76        <service
76-->[androidx.room:room-runtime:2.4.0-alpha01] AndroidManifest.xml:25:9-28:40
77            android:name="androidx.room.MultiInstanceInvalidationService"
77-->[androidx.room:room-runtime:2.4.0-alpha01] AndroidManifest.xml:26:13-74
78            android:directBootAware="true"
78-->[androidx.room:room-runtime:2.4.0-alpha01] AndroidManifest.xml:27:13-43
79            android:exported="false" />
79-->[androidx.room:room-runtime:2.4.0-alpha01] AndroidManifest.xml:28:13-37
80    </application>
81
82</manifest>